<?xml version="1.0" encoding="UTF-8"?>
<testsuite xmlns:xsi="http://www.w3.org/2001/XMLSchema-instance" xsi:noNamespaceSchemaLocation="https://maven.apache.org/surefire/maven-surefire-plugin/xsd/surefire-test-report-3.0.xsd" version="3.0" name="com.airnz.qa.api.FlightApiTests" time="0.389" tests="2" errors="0" skipped="0" failures="0">
  <properties>
[...]
</properties>
  <testcase name="testGetFlightData" classname="com.airnz.qa.api.FlightApiTests" time="1.665">
    <system-out><![CDATA[HTTP/1.1 200 OK
Date: Fri, 30 Jan 2026 05:28:09 GMT
Content-Type: application/json; charset=utf-8
Transfer-Encoding: chunked
Connection: keep-alive
access-control-allow-credentials: true
Cache-Control: max-age=43200
etag: W/"124-yiKdLzqO5gfBrJFrcdJ8Yq0LGnU"
expires: -1
nel: {"report_to":"heroku-nel","response_headers":["Via"],"max_age":3600,"success_fraction":0.01,"failure_fraction":0.1}
pragma: no-cache
report-to: {"group":"heroku-nel","endpoints":[{"url":"https://nel.heroku.com/reports?s=Cv2YM6uzdRC7gk%2FtQNSW3dUBB5bOvTa7puu2EpARKac%3D\u0026sid=e11707d5-02a7-43ef-b45e-2cf4d2036f7d\u0026ts=1769686451"}],"max_age":3600}
reporting-endpoints: heroku-nel="https://nel.heroku.com/reports?s=Cv2YM6uzdRC7gk%2FtQNSW3dUBB5bOvTa7puu2EpARKac%3D&sid=e11707d5-02a7-43ef-b45e-2cf4d2036f7d&ts=1769686451"
Server: cloudflare
vary: Origin, Accept-Encoding
via: 2.0 heroku-router
x-content-type-options: nosniff
x-powered-by: Express
x-ratelimit-limit: 1000
x-ratelimit-remaining: 999
x-ratelimit-reset: 1769686456
Age: 4345
cf-cache-status: HIT
Content-Encoding: gzip
CF-RAY: 9c5e90761ccfd9be-AKL
alt-svc: h3=":443"; ma=86400

{
    "userId": 1,
    "id": 1,
    "title": "sunt aut facere repellat provident occaecati excepturi optio reprehenderit",
    "body": "quia et suscipit\nsuscipit recusandae consequuntur expedita et cum\nreprehenderit molestiae ut ut quas totam\nnostrum rerum est autem sunt rem eveniet architecto"
}
Rest Assured GET API Test Passed!
]]></system-out>
  </testcase>
  <testcase name="testGetFlightData" classname="com.airnz.qa.api.FlightApiTests" time="0.08">
    <system-out><![CDATA[HTTP/1.1 200 OK
Date: Fri, 30 Jan 2026 05:29:29 GMT
Content-Type: application/json; charset=utf-8
Transfer-Encoding: chunked
Connection: keep-alive
access-control-allow-credentials: true
Cache-Control: max-age=43200
etag: W/"124-yiKdLzqO5gfBrJFrcdJ8Yq0LGnU"
expires: -1
nel: {"report_to":"heroku-nel","response_headers":["Via"],"max_age":3600,"success_fraction":0.01,"failure_fraction":0.1}
pragma: no-cache
report-to: {"group":"heroku-nel","endpoints":[{"url":"https://nel.heroku.com/reports?s=Cv2YM6uzdRC7gk%2FtQNSW3dUBB5bOvTa7puu2EpARKac%3D\u0026sid=e11707d5-02a7-43ef-b45e-2cf4d2036f7d\u0026ts=1769686451"}],"max_age":3600}
reporting-endpoints: heroku-nel="https://nel.heroku.com/reports?s=Cv2YM6uzdRC7gk%2FtQNSW3dUBB5bOvTa7puu2EpARKac%3D&sid=e11707d5-02a7-43ef-b45e-2cf4d2036f7d&ts=1769686451"
Server: cloudflare
vary: Origin, Accept-Encoding
via: 2.0 heroku-router
x-content-type-options: nosniff
x-powered-by: Express
x-ratelimit-limit: 1000
x-ratelimit-remaining: 999
x-ratelimit-reset: 1769686456
Age: 4424
cf-cache-status: HIT
Content-Encoding: gzip
CF-RAY: 9c5e92675e1ad993-AKL
alt-svc: h3=":443"; ma=86400

{
    "userId": 1,
    "id": 1,
    "title": "sunt aut facere repellat provident occaecati excepturi optio reprehenderit",
    "body": "quia et suscipit\nsuscipit recusandae consequuntur expedita et cum\nreprehenderit molestiae ut ut quas totam\nnostrum rerum est autem sunt rem eveniet architecto"
}
Rest Assured GET API Test Passed!
]]></system-out>
  </testcase>
  <testcase name="testCreateFlightBooking" classname="com.airnz.qa.api.FlightApiTests" time="0.808">
    <system-out><![CDATA[HTTP/1.1 201 Created
Date: Fri, 30 Jan 2026 05:28:11 GMT
Content-Type: application/json; charset=utf-8
Content-Length: 95
Connection: keep-alive
access-control-allow-credentials: true
access-control-expose-headers: Location
Cache-Control: no-cache
etag: W/"5f-LRdVN++KbCrCnr+yjuKnUQrNL7M"
expires: -1
location: https://jsonplaceholder.typicode.com/posts/101
nel: {"report_to":"heroku-nel","response_headers":["Via"],"max_age":3600,"success_fraction":0.01,"failure_fraction":0.1}
pragma: no-cache
report-to: {"group":"heroku-nel","endpoints":[{"url":"https://nel.heroku.com/reports?s=lHt7IewQ3Arpo3J3hWLrHDM5rWkfZ0by6FlRKTVEhuU%3D\u0026sid=e11707d5-02a7-43ef-b45e-2cf4d2036f7d\u0026ts=1769750891"}],"max_age":3600}
reporting-endpoints: heroku-nel="https://nel.heroku.com/reports?s=lHt7IewQ3Arpo3J3hWLrHDM5rWkfZ0by6FlRKTVEhuU%3D&sid=e11707d5-02a7-43ef-b45e-2cf4d2036f7d&ts=1769750891"
Server: cloudflare
vary: Origin, X-HTTP-Method-Override, Accept-Encoding
via: 2.0 heroku-router
x-content-type-options: nosniff
x-powered-by: Express
x-ratelimit-limit: 1000
x-ratelimit-remaining: 999
x-ratelimit-reset: 1769750895
cf-cache-status: DYNAMIC
CF-RAY: 9c5e907abb02725c-AKL
alt-svc: h3=":443"; ma=86400

{
    "flightNumber": "ANZ123",
    "passengerCount": 2,
    "destination": "Auckland",
    "id": 101
}
Rest Assured POST API Test Passed!
]]></system-out>
  </testcase>
  <testcase name="testCreateFlightBooking" classname="com.airnz.qa.api.FlightApiTests" time="0.309">
    <system-out><![CDATA[HTTP/1.1 201 Created
Date: Fri, 30 Jan 2026 05:29:29 GMT
Content-Type: application/json; charset=utf-8
Content-Length: 95
Connection: keep-alive
access-control-allow-credentials: true
access-control-expose-headers: Location
Cache-Control: no-cache
etag: W/"5f-LRdVN++KbCrCnr+yjuKnUQrNL7M"
expires: -1
location: https://jsonplaceholder.typicode.com/posts/101
nel: {"report_to":"heroku-nel","response_headers":["Via"],"max_age":3600,"success_fraction":0.01,"failure_fraction":0.1}
pragma: no-cache
report-to: {"group":"heroku-nel","endpoints":[{"url":"https://nel.heroku.com/reports?s=lexexMh0Eo4fMoZ73lKl023H6q4ka3UjWFut14zV%2B64%3D\u0026sid=e11707d5-02a7-43ef-b45e-2cf4d2036f7d\u0026ts=1769750969"}],"max_age":3600}
reporting-endpoints: heroku-nel="https://nel.heroku.com/reports?s=lexexMh0Eo4fMoZ73lKl023H6q4ka3UjWFut14zV%2B64%3D&sid=e11707d5-02a7-43ef-b45e-2cf4d2036f7d&ts=1769750969"
Server: cloudflare
vary: Origin, X-HTTP-Method-Override, Accept-Encoding
via: 2.0 heroku-router
x-content-type-options: nosniff
x-powered-by: Express
x-ratelimit-limit: 1000
x-ratelimit-remaining: 999
x-ratelimit-reset: 1769751015
cf-cache-status: DYNAMIC
CF-RAY: 9c5e9267d807d992-AKL
alt-svc: h3=":443"; ma=86400

{
    "flightNumber": "ANZ123",
    "passengerCount": 2,
    "destination": "Auckland",
    "id": 101
}
Rest Assured POST API Test Passed!
]]></system-out>
  </testcase>
</testsuite>